#
# An unexpected error has occurred (11)
#
Stack:
/home/andrew/Xilinx/Vivado/2019.2/tps/lnx64/jre9.0.4/lib//server/libjvm.so(+0xb6aadb) [0x7f2895db4adb]
/home/andrew/Xilinx/Vivado/2019.2/tps/lnx64/jre9.0.4/lib//server/libjvm.so(JVM_handle_linux_signal+0xbb) [0x7f2895db9e1b]
/home/andrew/Xilinx/Vivado/2019.2/tps/lnx64/jre9.0.4/lib//server/libjvm.so(+0xb647b8) [0x7f2895dae7b8]
/lib/x86_64-linux-gnu/libc.so.6(+0x3ef20) [0x7f28e2f4df20]
/home/andrew/Xilinx/Vivado/2019.2/lib/lnx64.o/librdi_simbridge_kernel.so(SimBridge::CArray::empty() const+0) [0x7f289be3c540]
/home/andrew/Xilinx/Vivado/2019.2/lib/lnx64.o/librdi_simbridge_kernel.so(SimBridge::WdbEventBlock::addBlock(SimBridge::WdbIBlockManager&, unsigned int&) const+0x1e) [0x7f289be3cc1e]
/home/andrew/Xilinx/Vivado/2019.2/lib/lnx64.o/librdi_simbridge_kernel.so(SimBridge::WdbMultipleBucketEventDatabase::getEventBlockDatabaseIterator(std::vector<SimBridge::WdbScalarBTree*, std::allocator<SimBridge::WdbScalarBTree*> > const&, std::vector<boost::shared_ptr<SimBridge::WdbIEventBlockIterator>, std::allocator<boost::shared_ptr<SimBridge::WdbIEventBlockIterator> > >&, std::vector<std::vector<SimBridge::WdbScalarBTree*, std::allocator<SimBridge::WdbScalarBTree*> >, std::allocator<std::vector<SimBridge::WdbScalarBTree*, std::allocator<SimBridge::WdbScalarBTree*> > > >&) const+0x691) [0x7f289be55fd1]
/home/andrew/Xilinx/Vivado/2019.2/lib/lnx64.o/librdi_simbridge_kernel.so(SimBridge::WdbAddressBTreeManager::scanWdbDatabaseMultiThread(std::vector<SimBridge::WdbScalarBTree*, std::allocator<SimBridge::WdbScalarBTree*> > const&, ISIM::IGuiStatus*)+0xc4) [0x7f289be33b74]
/home/andrew/Xilinx/Vivado/2019.2/lib/lnx64.o/librdi_wavedata.so(SimBridge::DataObjMgr::createDrawingBTree(std::vector<SimBridge::IDataObj const*, std::allocator<SimBridge::IDataObj const*> > const&, ISIM::IGuiStatus*, bool)+0x32a) [0x7f28a5414c1a]
/home/andrew/Xilinx/Vivado/2019.2/lib/lnx64.o/librdi_wavedata.so(SG_Model::Model::createDrawingBTree(std::vector<SG_Model::WVDataObject*, std::allocator<SG_Model::WVDataObject*> > const&, ISIM::IGuiStatus*) const+0x21b) [0x7f28a54c76eb]
/home/andrew/Xilinx/Vivado/2019.2/lib/lnx64.o/librdi_wavedata.so(SG_Model::Model::addWVObject(std::vector<SG_Model::WVDataObject*, std::allocator<SG_Model::WVDataObject*> > const&, SG_Model::WVDataObject*, int)+0x23f) [0x7f28a54ca38f]
/home/andrew/Xilinx/Vivado/2019.2/lib/lnx64.o/librdi_wavedata.so(SG_Controller::AddWaveformCommand::doCommand()+0x33) [0x7f28a54955d3]
/home/andrew/Xilinx/Vivado/2019.2/lib/lnx64.o/librdi_wavedata.so(SG_Controller::CommandManager::executeOrAppendMacro(SG_Controller::Command*, bool)+0x4d) [0x7f28a54948fd]
/home/andrew/Xilinx/Vivado/2019.2/lib/lnx64.o/librdi_wavedata.so(SG_Controller::CommandManager::createAndExecute(std::__cxx11::basic_string<char, std::char_traits<char>, std::allocator<char> > const&, SG_Common::StringArray const&, SG_Model::Model&, SG_Controller::CommandFactory&)+0x151) [0x7f28a5494c91]
/home/andrew/Xilinx/Vivado/2019.2/lib/lnx64.o/librdi_wavedata.so(WVDAppInterface::WVDWaveConfigurationImp::execute(std::__cxx11::basic_string<char, std::char_traits<char>, std::allocator<char> > const&, SG_Common::StringArray const&)+0x1b) [0x7f28a5386ceb]
/home/andrew/Xilinx/Vivado/2019.2/lib/lnx64.o/librdi_wavedata.so(WVDAppInterface::WVDWaveConfiguration::addWaveObject(std::vector<SG_Model::WVDataObject*, std::allocator<SG_Model::WVDataObject*> > const&, int, int, WVDAppInterface::WVDWaveDisplayOption const&, ISIM::IGuiStatus*)+0x52f) [0x7f28a5389c8f]
/home/andrew/Xilinx/Vivado/2019.2/lib/lnx64.o/librdi_wavedata.so(WVDAppInterface::WVDWaveConfiguration::addWave(std::vector<SimBridge::IObject const*, std::allocator<SimBridge::IObject const*> > const&, int, int, bool, WVDAppInterface::WVDWaveDisplayOption const&, ISIM::IGuiStatus*)+0x22c) [0x7f28a538a2bc]
/home/andrew/Xilinx/Vivado/2019.2/lib/lnx64.o/librdi_wavedatatasks.so(+0xdd8cd) [0x7f28592268cd]
/home/andrew/Xilinx/Vivado/2019.2/lib/lnx64.o/librdi_common.so(+0x86eca2) [0x7f28e4320ca2]
/home/andrew/Xilinx/Vivado/2019.2/lib/lnx64.o/libtcl8.5.so(+0x334af) [0x7f28de3c94af]
/home/andrew/Xilinx/Vivado/2019.2/lib/lnx64.o/libtcl8.5.so(+0x76875) [0x7f28de40c875]
/home/andrew/Xilinx/Vivado/2019.2/lib/lnx64.o/libtcl8.5.so(+0x7e029) [0x7f28de414029]
/home/andrew/Xilinx/Vivado/2019.2/lib/lnx64.o/libtcl8.5.so(TclEvalObjEx+0x76) [0x7f28de3cb156]
/home/andrew/Xilinx/Vivado/2019.2/lib/lnx64.o/libtcl8.5.so(+0x3e754) [0x7f28de3d4754]
/home/andrew/Xilinx/Vivado/2019.2/lib/lnx64.o/libtcl8.5.so(+0x334af) [0x7f28de3c94af]
/home/andrew/Xilinx/Vivado/2019.2/lib/lnx64.o/libtcl8.5.so(+0x76875) [0x7f28de40c875]
/home/andrew/Xilinx/Vivado/2019.2/lib/lnx64.o/libtcl8.5.so(+0x7e029) [0x7f28de414029]
/home/andrew/Xilinx/Vivado/2019.2/lib/lnx64.o/libtcl8.5.so(TclEvalObjEx+0x76) [0x7f28de3cb156]
/home/andrew/Xilinx/Vivado/2019.2/lib/lnx64.o/libtcl8.5.so(+0x3e754) [0x7f28de3d4754]
/home/andrew/Xilinx/Vivado/2019.2/lib/lnx64.o/libtcl8.5.so(+0x334af) [0x7f28de3c94af]
/home/andrew/Xilinx/Vivado/2019.2/lib/lnx64.o/libtcl8.5.so(+0x34b38) [0x7f28de3cab38]
/home/andrew/Xilinx/Vivado/2019.2/lib/lnx64.o/libtcl8.5.so(Tcl_EvalEx+0x13) [0x7f28de3cb0a3]
/home/andrew/Xilinx/Vivado/2019.2/lib/lnx64.o/libtcl8.5.so(Tcl_FSEvalFileEx+0x1da) [0x7f28de42fc5a]
/home/andrew/Xilinx/Vivado/2019.2/lib/lnx64.o/librdi_commontasks.so(+0x2b1d8d) [0x7f28d7cf0d8d]
/home/andrew/Xilinx/Vivado/2019.2/lib/lnx64.o/librdi_common.so(+0x86eca2) [0x7f28e4320ca2]
/home/andrew/Xilinx/Vivado/2019.2/lib/lnx64.o/libtcl8.5.so(+0x334af) [0x7f28de3c94af]
/home/andrew/Xilinx/Vivado/2019.2/lib/lnx64.o/libtcl8.5.so(Tcl_EvalObjv+0x32) [0x7f28de3c95e2]
/home/andrew/Xilinx/Vivado/2019.2/lib/lnx64.o/libtcl8.5.so(TclEvalObjEx+0x322) [0x7f28de3cb402]
/home/andrew/Xilinx/Vivado/2019.2/lib/lnx64.o/librdi_common.so(hdi::tcltasks::task_manager::eval_in_tcl(Tcl_Interp*, Tcl_Obj*, char const*, bool)+0xab9) [0x7f28e4322ad9]
/home/andrew/Xilinx/Vivado/2019.2/lib/lnx64.o/librdi_simtcltasks.so(RSTTclHelper::processTclbatchOption(hdi::tcltasks::task_options_base&, Tcl_Interp*)+0x114) [0x7f28595d07b4]
/home/andrew/Xilinx/Vivado/2019.2/lib/lnx64.o/librdi_simtcltasks.so(+0x13b1ae) [0x7f285964a1ae]
/home/andrew/Xilinx/Vivado/2019.2/lib/lnx64.o/librdi_common.so(+0x86eca2) [0x7f28e4320ca2]
/home/andrew/Xilinx/Vivado/2019.2/lib/lnx64.o/libtcl8.5.so(+0x334af) [0x7f28de3c94af]
/home/andrew/Xilinx/Vivado/2019.2/lib/lnx64.o/libtcl8.5.so(+0x34b38) [0x7f28de3cab38]
/home/andrew/Xilinx/Vivado/2019.2/lib/lnx64.o/libtcl8.5.so(Tcl_EvalEx+0x13) [0x7f28de3cb0a3]
/home/andrew/Xilinx/Vivado/2019.2/lib/lnx64.o/libtcl8.5.so(TclEvalObjEx+0x1e0) [0x7f28de3cb2c0]
/home/andrew/Xilinx/Vivado/2019.2/lib/lnx64.o/libtcl8.5.so(+0x3b375) [0x7f28de3d1375]
/home/andrew/Xilinx/Vivado/2019.2/lib/lnx64.o/libtcl8.5.so(+0x334af) [0x7f28de3c94af]
/home/andrew/Xilinx/Vivado/2019.2/lib/lnx64.o/libtcl8.5.so(+0x76875) [0x7f28de40c875]
/home/andrew/Xilinx/Vivado/2019.2/lib/lnx64.o/libtcl8.5.so(+0x7e029) [0x7f28de414029]
/home/andrew/Xilinx/Vivado/2019.2/lib/lnx64.o/libtcl8.5.so(TclEvalObjEx+0x76) [0x7f28de3cb156]
/home/andrew/Xilinx/Vivado/2019.2/lib/lnx64.o/librdi_commontasks.so(+0x294bf4) [0x7f28d7cd3bf4]
/home/andrew/Xilinx/Vivado/2019.2/lib/lnx64.o/libtcl8.5.so(+0x334af) [0x7f28de3c94af]
/home/andrew/Xilinx/Vivado/2019.2/lib/lnx64.o/libtcl8.5.so(+0x76875) [0x7f28de40c875]
/home/andrew/Xilinx/Vivado/2019.2/lib/lnx64.o/libtcl8.5.so(TclObjInterpProcCore+0x420) [0x7f28de44ddf0]
/home/andrew/Xilinx/Vivado/2019.2/lib/lnx64.o/libtcl8.5.so(+0x334af) [0x7f28de3c94af]
/home/andrew/Xilinx/Vivado/2019.2/lib/lnx64.o/libtcl8.5.so(Tcl_EvalObjv+0x32) [0x7f28de3c95e2]
/home/andrew/Xilinx/Vivado/2019.2/lib/lnx64.o/libtcl8.5.so(TclEvalObjEx+0x322) [0x7f28de3cb402]
/home/andrew/Xilinx/Vivado/2019.2/lib/lnx64.o/librdi_tcltasks.so(SimUtils::detail::execStep(Tcl_Interp*, std::__cxx11::basic_ostringstream<char, std::char_traits<char>, std::allocator<char> >&, std::__cxx11::basic_string<char, std::char_traits<char>, std::allocator<char> > const&, std::__cxx11::basic_string<char, std::char_traits<char>, std::allocator<char> > const&, std::__cxx11::basic_string<char, std::char_traits<char>, std::allocator<char> >&, bool&)+0x1fe) [0x7f28d4bb5fde]
/home/andrew/Xilinx/Vivado/2019.2/lib/lnx64.o/librdi_tcltasks.so(SimUtils::detail::execSimStep(Tcl_Interp*, std::__cxx11::basic_ostringstream<char, std::char_traits<char>, std::allocator<char> >&, HAPUFSimulator*, HAPUFSimulator::TclProc, std::__cxx11::basic_string<char, std::char_traits<char>, std::allocator<char> > const&, bool, HADAFileSet*, std::__cxx11::basic_string<char, std::char_traits<char>, std::allocator<char> > const&, HAPUFSimulator::SimulationStep, bool, HDGUIStatus*)+0x75) [0x7f28d4bb62f5]
/home/andrew/Xilinx/Vivado/2019.2/lib/lnx64.o/librdi_tcltasks.so(HTCSimUtils::executeStep(Tcl_Interp*, HADAFileSet*, HADAFileSet*, HAPUFSimulator*, HDGUIStatus*, std::__cxx11::basic_string<char, std::char_traits<char>, std::allocator<char> > const&, std::__cxx11::basic_string<char, std::char_traits<char>, std::allocator<char> > const&, std::__cxx11::basic_string<char, std::char_traits<char>, std::allocator<char> > const&, bool, bool, bool, std::__cxx11::basic_ostringstream<char, std::char_traits<char>, std::allocator<char> >&)+0x4b7) [0x7f28d4bb6957]
/home/andrew/Xilinx/Vivado/2019.2/lib/lnx64.o/librdi_tcltasks.so(+0x182d0c6) [0x7f28d4b600c6]
/home/andrew/Xilinx/Vivado/2019.2/lib/lnx64.o/librdi_common.so(+0x86eca2) [0x7f28e4320ca2]
/home/andrew/Xilinx/Vivado/2019.2/lib/lnx64.o/libtcl8.5.so(+0x334af) [0x7f28de3c94af]
/home/andrew/Xilinx/Vivado/2019.2/lib/lnx64.o/libtcl8.5.so(+0x76875) [0x7f28de40c875]
/home/andrew/Xilinx/Vivado/2019.2/lib/lnx64.o/libtcl8.5.so(+0x7e029) [0x7f28de414029]
/home/andrew/Xilinx/Vivado/2019.2/lib/lnx64.o/libtcl8.5.so(TclEvalObjEx+0x76) [0x7f28de3cb156]
/home/andrew/Xilinx/Vivado/2019.2/lib/lnx64.o/librdi_common.so(+0x86d1b1) [0x7f28e431f1b1]
/home/andrew/Xilinx/Vivado/2019.2/lib/lnx64.o/libtcl8.5.so(Tcl_ServiceEvent+0x7f) [0x7f28de43db0f]
/home/andrew/Xilinx/Vivado/2019.2/lib/lnx64.o/libtcl8.5.so(Tcl_DoOneEvent+0x154) [0x7f28de43de44]
/home/andrew/Xilinx/Vivado/2019.2/lib/lnx64.o/librdi_commontasks.so(+0x2da555) [0x7f28d7d19555]
/home/andrew/Xilinx/Vivado/2019.2/lib/lnx64.o/librdi_commontasks.so(+0x2df101) [0x7f28d7d1e101]
/home/andrew/Xilinx/Vivado/2019.2/lib/lnx64.o/librdi_commontasks.so(+0x2e011e) [0x7f28d7d1f11e]
/home/andrew/Xilinx/Vivado/2019.2/lib/lnx64.o/librdi_common.so(+0x86eca2) [0x7f28e4320ca2]
/home/andrew/Xilinx/Vivado/2019.2/lib/lnx64.o/libtcl8.5.so(+0x334af) [0x7f28de3c94af]
/home/andrew/Xilinx/Vivado/2019.2/lib/lnx64.o/libtcl8.5.so(+0x76875) [0x7f28de40c875]
/home/andrew/Xilinx/Vivado/2019.2/lib/lnx64.o/libtcl8.5.so(+0x7e029) [0x7f28de414029]
/home/andrew/Xilinx/Vivado/2019.2/lib/lnx64.o/libtcl8.5.so(TclEvalObjEx+0x76) [0x7f28de3cb156]
/home/andrew/Xilinx/Vivado/2019.2/lib/lnx64.o/librdi_commonmain.so(+0x7af3) [0x7f28e38abaf3]
/home/andrew/Xilinx/Vivado/2019.2/lib/lnx64.o/libtcl8.5.so(Tcl_Main+0x1d0) [0x7f28de436210]
/home/andrew/Xilinx/Vivado/2019.2/lib/lnx64.o/librdi_common.so(+0x8b30cb) [0x7f28e43650cb]
/lib/x86_64-linux-gnu/libpthread.so.0(+0x76db) [0x7f28e2cf76db]
/lib/x86_64-linux-gnu/libc.so.6(clone+0x3f) [0x7f28e303088f]
